[    0.000000] Linux version 4.15.0-147-generic (buildd@lcy01-amd64-028) (gcc version 7.5.0 (Ubuntu 7.5.0-3ubuntu1~18.04)) #151-Ubuntu SMP Fri Jun 18 19:21:19 UTC 2021 (Ubuntu 4.15.0-147.151-generic 4.15.18)
[    0.000000] Command line: BOOT_IMAGE=/boot/vmlinuz-4.15.0-147-generic root=UUID=a4675132-7879-4c04-8e7f-316a54dfa2cf ro console=tty1 console=ttyS0
[    0.000000] KERNEL supported cpus:
[    0.000000]   Intel GenuineIntel
[    0.000000]   AMD AuthenticAMD
[    0.000000]   Centaur CentaurHauls
[    0.000000] x86/fpu: Supporting XSAVE feature 0x001: 'x87 floating point registers'
[    0.000000] x86/fpu: Supporting XSAVE feature 0x002: 'SSE registers'
[    0.000000] x86/fpu: Supporting XSAVE feature 0x004: 'AVX registers'
[    0.000000] x86/fpu: xstate_offset[2]:  576, xstate_sizes[2]:  256
[    0.000000] x86/fpu: Enabled xstate features 0x7, context size is 832 bytes, using 'standard' format.
[    0.000000] e820: BIOS-provided physical RAM map:
[    0.000000] BIOS-e820: [mem 0x0000000000000000-0x000000000009fbff] usable
[    0.000000] BIOS-e820: [mem 0x000000000009fc00-0x000000000009ffff] reserved
[    0.000000] BIOS-e820: [mem 0x00000000000f0000-0x00000000000fffff] reserved
[    0.000000] BIOS-e820: [mem 0x0000000000100000-0x00000000dffeffff] usable
[    0.000000] BIOS-e820: [mem 0x00000000dfff0000-0x00000000dfffffff] ACPI data
[    0.000000] BIOS-e820: [mem 0x00000000fec00000-0x00000000fec00fff] reserved
[    0.000000] BIOS-e820: [mem 0x00000000fee00000-0x00000000fee00fff] reserved
[    0.000000] BIOS-e820: [mem 0x00000000fffc0000-0x00000000ffffffff] reserved
[    0.000000] BIOS-e820: [mem 0x0000000100000000-0x000000011fffffff] usable
[    0.000000] NX (Execute Disable) protection: active
[    0.000000] SMBIOS 2.5 present.
[    0.000000] DMI: innotek GmbH VirtualBox/VirtualBox, BIOS VirtualBox 12/01/2006
[    0.000000] Hypervisor detected: KVM
[    0.000000] e820: last_pfn = 0x120000 max_arch_pfn = 0x400000000
[    0.000000] MTRR: Disabled
[    0.000000] x86/PAT: MTRRs disabled, skipping PAT initialization too.
[    0.000000] CPU MTRRs all blank - virtualized system.
[    0.000000] x86/PAT: Configuration [0-7]: WB  WT  UC- UC  WB  WT  UC- UC  
[    0.000000] e820: last_pfn = 0xdfff0 max_arch_pfn = 0x400000000
[    0.000000] found SMP MP-table at [mem 0x0009fff0-0x0009ffff]
[    0.000000] Scanning 1 areas for low memory corruption
[    0.000000] RAMDISK: [mem 0x35821000-0x36c07fff]
[    0.000000] ACPI: Early table checksum verification disabled
[    0.000000] ACPI: RSDP 0x00000000000E0000 000024 (v02 VBOX  )
[    0.000000] ACPI: XSDT 0x00000000DFFF0030 00003C (v01 VBOX   VBOXXSDT 00000001 ASL  00000061)
[    0.000000] ACPI: FACP 0x00000000DFFF00F0 0000F4 (v04 VBOX   VBOXFACP 00000001 ASL  00000061)
[    0.000000] ACPI: DSDT 0x00000000DFFF0480 002325 (v02 VBOX   VBOXBIOS 00000002 INTL 20100528)
[    0.000000] ACPI: FACS 0x00000000DFFF0200 000040
[    0.000000] ACPI: FACS 0x00000000DFFF0200 000040
[    0.000000] ACPI: APIC 0x00000000DFFF0240 00006C (v02 VBOX   VBOXAPIC 00000001 ASL  00000061)
[    0.000000] ACPI: SSDT 0x00000000DFFF02B0 0001CC (v01 VBOX   VBOXCPUT 00000002 INTL 20100528)
[    0.000000] ACPI: Reserving FACP table memory at [mem 0xdfff00f0-0xdfff01e3]
[    0.000000] ACPI: Reserving DSDT table memory at [mem 0xdfff0480-0xdfff27a4]
[    0.000000] ACPI: Reserving FACS table memory at [mem 0xdfff0200-0xdfff023f]
[    0.000000] ACPI: Reserving FACS table memory at [mem 0xdfff0200-0xdfff023f]
[    0.000000] ACPI: Reserving APIC table memory at [mem 0xdfff0240-0xdfff02ab]
[    0.000000] ACPI: Reserving SSDT table memory at [mem 0xdfff02b0-0xdfff047b]
[    0.000000] No NUMA configuration found
[    0.000000] Faking a node at [mem 0x0000000000000000-0x000000011fffffff]
[    0.000000] NODE_DATA(0) allocated [mem 0x11ffd1000-0x11fffbfff]
[    0.000000] kvm-clock: cpu 0, msr 1:1ff50001, primary cpu clock
[    0.000000] kvm-clock: Using msrs 4b564d01 and 4b564d00
[    0.000000] kvm-clock: using sched offset of 3197417377 cycles
[    0.000000] clocksource: kvm-clock: mask: 0xffffffffffffffff max_cycles: 0x1cd42e4dffb, max_idle_ns: 881590591483 ns
[    0.000000] Zone ranges:
[    0.000000]   DMA      [mem 0x0000000000001000-0x0000000000ffffff]
[    0.000000]   DMA32    [mem 0x0000000001000000-0x00000000ffffffff]
[    0.000000]   Normal   [mem 0x0000000100000000-0x000000011fffffff]
[    0.000000]   Device   empty
[    0.000000] Movable zone start for each node
[    0.000000] Early memory node ranges
[    0.000000]   node   0: [mem 0x0000000000001000-0x000000000009efff]
[    0.000000]   node   0: [mem 0x0000000000100000-0x00000000dffeffff]
[    0.000000]   node   0: [mem 0x0000000100000000-0x000000011fffffff]
[    0.000000] Reserved but unavailable: 104 pages
[    0.000000] Initmem setup node 0 [mem 0x0000000000001000-0x000000011fffffff]
[    0.000000] ACPI: PM-Timer IO Port: 0x4008
[    0.000000] IOAPIC[0]: apic_id 4, version 32, address 0xfec00000, GSI 0-23
[    0.000000] ACPI: INT_SRC_OVR (bus 0 bus_irq 0 global_irq 2 dfl dfl)
[    0.000000] ACPI: INT_SRC_OVR (bus 0 bus_irq 9 global_irq 9 low level)
[    0.000000] Using ACPI (MADT) for SMP configuration information
[    0.000000] smpboot: Allowing 4 CPUs, 0 hotplug CPUs
[    0.000000] PM: Registered nosave memory: [mem 0x00000000-0x00000fff]
[    0.000000] PM: Registered nosave memory: [mem 0x0009f000-0x0009ffff]
[    0.000000] PM: Registered nosave memory: [mem 0x000a0000-0x000effff]
[    0.000000] PM: Registered nosave memory: [mem 0x000f0000-0x000fffff]
[    0.000000] PM: Registered nosave memory: [mem 0xdfff0000-0xdfffffff]
[    0.000000] PM: Registered nosave memory: [mem 0xe0000000-0xfebfffff]
[    0.000000] PM: Registered nosave memory: [mem 0xfec00000-0xfec00fff]
[    0.000000] PM: Registered nosave memory: [mem 0xfec01000-0xfedfffff]
[    0.000000] PM: Registered nosave memory: [mem 0xfee00000-0xfee00fff]
[    0.000000] PM: Registered nosave memory: [mem 0xfee01000-0xfffbffff]
[    0.000000] PM: Registered nosave memory: [mem 0xfffc0000-0xffffffff]
[    0.000000] e820: [mem 0xe0000000-0xfebfffff] available for PCI devices
[    0.000000] Booting paravirtualized kernel on KVM
[    0.000000] clocksource: refined-jiffies: mask: 0xffffffff max_cycles: 0xffffffff, max_idle_ns: 7645519600211568 ns
[    0.000000] random: get_random_bytes called from start_kernel+0x99/0x500 with crng_init=0
[    0.000000] setup_percpu: NR_CPUS:8192 nr_cpumask_bits:4 nr_cpu_ids:4 nr_node_ids:1
[    0.000000] percpu: Embedded 45 pages/cpu s147456 r8192 d28672 u524288
[    0.000000] PV qspinlock hash table entries: 256 (order: 0, 4096 bytes)
[    0.000000] Built 1 zonelists, mobility grouping on.  Total pages: 1032057
[    0.000000] Policy zone: Normal
[    0.000000] Kernel command line: BOOT_IMAGE=/boot/vmlinuz-4.15.0-147-generic root=UUID=a4675132-7879-4c04-8e7f-316a54dfa2cf ro console=tty1 console=ttyS0
[    0.000000] Memory: 4012104K/4193848K available (12300K kernel code, 2483K rwdata, 4320K rodata, 2448K init, 2724K bss, 181744K reserved, 0K cma-reserved)
[    0.000000] SLUB: HWalign=64, Order=0-3, MinObjects=0, CPUs=4, Nodes=1
[    0.000000] ftrace: allocating 39457 entries in 155 pages
[    0.004000] Hierarchical RCU implementation.
[    0.004000] 	RCU restricting CPUs from NR_CPUS=8192 to nr_cpu_ids=4.
[    0.004000] 	Tasks RCU enabled.
[    0.004000] RCU: Adjusting geometry for rcu_fanout_leaf=16, nr_cpu_ids=4
[    0.004000] NR_IRQS: 524544, nr_irqs: 456, preallocated irqs: 16
[    0.004000] Console: colour VGA+ 80x25
[    0.004000] console [tty1] enabled
[    0.004000] console [ttyS0] enabled
[    0.004000] ACPI: Core revision 20170831
[    0.004000] ACPI: 2 ACPI AML tables successfully acquired and loaded
[    0.004000] APIC: Switch to symmetric I/O mode setup
[    0.004000] x2apic enabled
[    0.004000] Switched APIC routing to physical x2apic.
[    0.004000] ..TIMER: vector=0x30 apic1=0 pin1=2 apic2=-1 pin2=-1
[    0.004000] tsc: Detected 2592.004 MHz processor
[    0.004000] Calibrating delay loop (skipped) preset value.. 5184.00 BogoMIPS (lpj=10368016)
[    0.004003] pid_max: default: 32768 minimum: 301
[    0.004580] Security Framework initialized
[    0.005218] Yama: becoming mindful.
[    0.005641] AppArmor: AppArmor initialized
[    0.009891] Dentry cache hash table entries: 524288 (order: 10, 4194304 bytes)
[    0.012046] Inode-cache hash table entries: 262144 (order: 9, 2097152 bytes)
[    0.012890] Mount-cache hash table entries: 8192 (order: 4, 65536 bytes)
[    0.013663] Mountpoint-cache hash table entries: 8192 (order: 4, 65536 bytes)
[    0.014699] Last level iTLB entries: 4KB 64, 2MB 8, 4MB 8
[    0.016001] Last level dTLB entries: 4KB 64, 2MB 0, 4MB 0, 1GB 4
[    0.016646] Spectre V1 : Mitigation: usercopy/swapgs barriers and __user pointer sanitization
[    0.017601] Spectre V2 : Mitigation: Full generic retpoline
[    0.018248] Spectre V2 : Spectre v2 / SpectreRSB mitigation: Filling RSB on context switch
[    0.019190] Speculative Store Bypass: Vulnerable
[    0.020132] Freeing SMP alternatives memory: 36K
[    0.130598] smpboot: CPU0: Intel(R) Core(TM) i7-10750H CPU @ 2.60GHz (family: 0x6, model: 0xa5, stepping: 0x2)
[    0.131859] Performance Events: unsupported p6 CPU model 165 no PMU driver, software events only.
[    0.132000] Hierarchical SRCU implementation.
[    0.132000] NMI watchdog: Perf event create on CPU 0 failed with -2
[    0.132000] NMI watchdog: Perf NMI watchdog permanently disabled
[    0.132037] smp: Bringing up secondary CPUs ...
[    0.134358] x86: Booting SMP configuration:
[    0.134844] .... node  #0, CPUs:      #1
[    0.004000] kvm-clock: cpu 1, msr 1:1ff50041, secondary cpu clock
[    0.138868]  #2
[    0.004000] kvm-clock: cpu 2, msr 1:1ff50081, secondary cpu clock
[    0.142012]  #3
[    0.004000] kvm-clock: cpu 3, msr 1:1ff500c1, secondary cpu clock
[    0.144010] smp: Brought up 1 node, 4 CPUs
[    0.144515] smpboot: Max logical packages: 1
[    0.144998] smpboot: Total of 4 processors activated (20736.03 BogoMIPS)
[    0.146018] devtmpfs: initialized
[    0.146018] x86/mm: Memory block size: 128MB
[    0.146018] evm: security.selinux
[    0.148002] evm: security.SMACK64
[    0.148389] evm: security.SMACK64EXEC
[    0.148893] evm: security.SMACK64TRANSMUTE
[    0.149357] evm: security.SMACK64MMAP
[    0.149794] evm: security.apparmor
[    0.150196] evm: security.ima
[    0.150602] evm: security.capability
[    0.151033] clocksource: jiffies: mask: 0xffffffff max_cycles: 0xffffffff, max_idle_ns: 7645041785100000 ns
[    0.152008] futex hash table entries: 1024 (order: 4, 65536 bytes)
[    0.152787] pinctrl core: initialized pinctrl subsystem
[    0.153477] RTC time: 12:10:19, date: 06/28/21
[    0.154175] NET: Registered protocol family 16
[    0.154723] audit: initializing netlink subsys (disabled)
[    0.156003] audit: type=2000 audit(1624882224.081:1): state=initialized audit_enabled=0 res=1
[    0.157299] cpuidle: using governor ladder
[    0.157299] cpuidle: using governor menu
[    0.157299] ACPI: bus type PCI registered
[    0.157532] acpiphp: ACPI Hot Plug PCI Controller Driver version: 0.5
[    0.160065] PCI: Using configuration type 1 for base access
[    0.160699] HugeTLB registered 2.00 MiB page size, pre-allocated 0 pages
[    0.164070] ACPI: Added _OSI(Module Device)
[    0.164569] ACPI: Added _OSI(Processor Device)
[    0.165132] ACPI: Added _OSI(3.0 _SCP Extensions)
[    0.165657] ACPI: Added _OSI(Processor Aggregator Device)
[    0.166284] ACPI: Added _OSI(Linux-Dell-Video)
[    0.166847] ACPI: Added _OSI(Linux-Lenovo-NV-HDMI-Audio)
[    0.168002] ACPI: Added _OSI(Linux-HPI-Hybrid-Graphics)
[    0.168841] ACPI: Executed 1 blocks of module-level executable AML code
[    0.172699] ACPI: Interpreter enabled
[    0.173198] ACPI: (supports S0 S5)
[    0.173618] ACPI: Using IOAPIC for interrupt routing
[    0.174406] PCI: Using host bridge windows from ACPI; if necessary, use "pci=nocrs" and report a bug
[    0.175588] ACPI: Enabled 2 GPEs in block 00 to 07
[    0.180000] ACPI: PCI Root Bridge [PCI0] (domain 0000 [bus 00-ff])
[    0.180005] acpi PNP0A03:00: _OSC: OS supports [ASPM ClockPM Segments MSI]
[    0.181173] acpi PNP0A03:00: _OSC: not requesting OS control; OS requires [ExtendedConfig ASPM ClockPM MSI]
[    0.182750] acpi PNP0A03:00: fail to add MMCONFIG information, can't access extended PCI configuration space under this bridge.
[    0.184319] PCI host bridge to bus 0000:00
[    0.184795] pci_bus 0000:00: root bus resource [io  0x0000-0x0cf7 window]
[    0.185647] pci_bus 0000:00: root bus resource [io  0x0d00-0xffff window]
[    0.186437] pci_bus 0000:00: root bus resource [mem 0x000a0000-0x000bffff window]
[    0.188002] pci_bus 0000:00: root bus resource [mem 0xe0000000-0xfdffffff window]
[    0.189026] pci_bus 0000:00: root bus resource [bus 00-ff]
[    0.191042] pci 0000:00:01.1: legacy IDE quirk: reg 0x10: [io  0x01f0-0x01f7]
[    0.191818] pci 0000:00:01.1: legacy IDE quirk: reg 0x14: [io  0x03f6]
[    0.192002] pci 0000:00:01.1: legacy IDE quirk: reg 0x18: [io  0x0170-0x0177]
[    0.192800] pci 0000:00:01.1: legacy IDE quirk: reg 0x1c: [io  0x0376]
[    0.218146] pci 0000:00:07.0: quirk: [io  0x4000-0x403f] claimed by PIIX4 ACPI
[    0.219021] pci 0000:00:07.0: quirk: [io  0x4100-0x410f] claimed by PIIX4 SMB
[    0.228985] ACPI: PCI Interrupt Link [LNKA] (IRQs 5 9 10 *11)
[    0.229987] ACPI: PCI Interrupt Link [LNKB] (IRQs 5 9 *10 11)
[    0.230792] ACPI: PCI Interrupt Link [LNKC] (IRQs 5 *9 10 11)
[    0.231610] ACPI: PCI Interrupt Link [LNKD] (IRQs 5 9 10 *11)
[    0.232219] SCSI subsystem initialized
[    0.232726] pci 0000:00:02.0: vgaarb: setting as boot VGA device
[    0.232783] pci 0000:00:02.0: vgaarb: VGA device added: decodes=io+mem,owns=io+mem,locks=none
[    0.233801] pci 0000:00:02.0: vgaarb: bridge control possible
[    0.234461] vgaarb: loaded
[    0.234824] ACPI: bus type USB registered
[    0.236018] usbcore: registered new interface driver usbfs
[    0.236652] usbcore: registered new interface driver hub
[    0.237275] usbcore: registered new device driver usb
[    0.237909] EDAC MC: Ver: 3.0.0
[    0.237909] PCI: Using ACPI for IRQ routing
[    0.237909] NetLabel: Initializing
[    0.240007] NetLabel:  domain hash size = 128
[    0.240561] NetLabel:  protocols = UNLABELED CIPSOv4 CALIPSO
[    0.241225] NetLabel:  unlabeled traffic allowed by default
[    0.241874] clocksource: Switched to clocksource kvm-clock
[    0.252412] VFS: Disk quotas dquot_6.6.0
[    0.252929] VFS: Dquot-cache hash table entries: 512 (order 0, 4096 bytes)
[    0.253817] AppArmor: AppArmor Filesystem Enabled
[    0.254394] pnp: PnP ACPI init
[    0.255499] pnp: PnP ACPI: found 3 devices
[    0.263040] clocksource: acpi_pm: mask: 0xffffff max_cycles: 0xffffff, max_idle_ns: 2085701024 ns
[    0.264045] NET: Registered protocol family 2
[    0.264768] TCP established hash table entries: 32768 (order: 6, 262144 bytes)
[    0.265668] TCP bind hash table entries: 32768 (order: 7, 524288 bytes)
[    0.268146] TCP: Hash tables configured (established 32768 bind 32768)
[    0.268932] UDP hash table entries: 2048 (order: 4, 65536 bytes)
[    0.269619] UDP-Lite hash table entries: 2048 (order: 4, 65536 bytes)
[    0.270378] NET: Registered protocol family 1
[    0.270907] pci 0000:00:00.0: Limiting direct PCI/PCI transfers
[    0.271602] pci 0000:00:01.0: Activating ISA DMA hang workarounds
[    0.272352] pci 0000:00:02.0: Video device with shadowed ROM at [mem 0x000c0000-0x000dffff]
[    0.273375] Unpacking initramfs...
[    0.535680] Freeing initrd memory: 20380K
[    0.536382] PCI-DMA: Using software bounce buffering for IO (SWIOTLB)
[    0.537171] software IO TLB: mapped [mem 0xdbff0000-0xdfff0000] (64MB)
[    0.537979] clocksource: tsc: mask: 0xffffffffffffffff max_cycles: 0x255cbae350f, max_idle_ns: 440795327587 ns
[    0.539125] platform rtc_cmos: registered platform RTC device (no PNP device found)
[    0.540089] Scanning for low memory corruption every 60 seconds
[    0.541520] Initialise system trusted keyrings
[    0.542081] Key type blacklist registered
[    0.542635] workingset: timestamp_bits=36 max_order=20 bucket_order=0
[    0.544042] zbud: loaded
[    0.544803] squashfs: version 4.0 (2009/01/31) Phillip Lougher
[    0.545589] fuse init (API version 7.26)
[    0.550154] Key type asymmetric registered
[    0.550704] Asymmetric key parser 'x509' registered
[    0.551345] Block layer SCSI generic (bsg) driver version 0.4 loaded (major 246)
[    0.552298] io scheduler noop registered
[    0.552771] io scheduler deadline registered
[    0.553290] io scheduler cfq registered (default)
[    0.554198] ACPI: AC Adapter [AC] (on-line)
[    0.554731] input: Power Button as /devices/LNXSYSTM:00/LNXPWRBN:00/input/input0
[    0.555630] ACPI: Power Button [PWRF]
[    0.556154] input: Sleep Button as /devices/LNXSYSTM:00/LNXSLPBN:00/input/input1
[    0.557010] ACPI: Sleep Button [SLPF]
[    0.558232] ACPI: Battery Slot [BAT0] (battery present)
[    0.558995] Serial: 8250/16550 driver, 32 ports, IRQ sharing enabled
[    0.589984] 00:02: ttyS0 at I/O 0x3f8 (irq = 4, base_baud = 115200) is a 16550A
[    0.592490] Linux agpgart interface v0.103
[    0.594119] loop: module loaded
[    0.596892] scsi host0: ata_piix
[    0.597381] scsi host1: ata_piix
[    0.597838] ata1: PATA max UDMA/33 cmd 0x1f0 ctl 0x3f6 bmdma 0xd000 irq 14
[    0.598605] ata2: PATA max UDMA/33 cmd 0x170 ctl 0x376 bmdma 0xd008 irq 15
[    0.599448] libphy: Fixed MDIO Bus: probed
[    0.599989] tun: Universal TUN/TAP device driver, 1.6
[    0.600701] PPP generic driver version 2.4.2
[    0.601265] ehci_hcd: USB 2.0 'Enhanced' Host Controller (EHCI) Driver
[    0.602012] ehci-pci: EHCI PCI platform driver
[    0.602539] ehci-platform: EHCI generic platform driver
[    0.603194] ohci_hcd: USB 1.1 'Open' Host Controller (OHCI) Driver
[    0.603906] ohci-pci: OHCI PCI platform driver
[    0.604458] ohci-platform: OHCI generic platform driver
[    0.605076] uhci_hcd: USB Universal Host Controller Interface driver
[    0.605830] i8042: PNP: PS/2 Controller [PNP0303:PS2K,PNP0f03:PS2M] at 0x60,0x64 irq 1,12
[    0.607178] serio: i8042 KBD port at 0x60,0x64 irq 1
[    0.607782] serio: i8042 AUX port at 0x60,0x64 irq 12
[    0.608618] mousedev: PS/2 mouse device common for all mice
[    0.609634] rtc_cmos rtc_cmos: rtc core: registered rtc_cmos as rtc0
[    0.610457] rtc_cmos rtc_cmos: alarms up to one day, 114 bytes nvram
[    0.611210] input: AT Translated Set 2 keyboard as /devices/platform/i8042/serio0/input/input2
[    0.612197] i2c /dev entries driver
[    0.612791] device-mapper: uevent: version 1.0.3
[    0.613403] device-mapper: ioctl: 4.37.0-ioctl (2017-09-20) initialised: dm-devel@redhat.com
[    0.614502] ledtrig-cpu: registered to indicate activity on CPUs
[    0.615401] NET: Registered protocol family 10
[    0.618084] Segment Routing with IPv6
[    0.618561] NET: Registered protocol family 17
[    0.619118] Key type dns_resolver registered
[    0.619926] mce: Using 0 MCE banks
[    0.620378] RAS: Correctable Errors collector initialized.
[    0.621015] sched_clock: Marking stable (620368384, 0)->(845417732, -225049348)
[    0.622288] registered taskstats version 1
[    0.622786] Loading compiled-in X.509 certificates
[    0.624718] Loaded X.509 cert 'Build time autogenerated kernel key: 51fb7d4f1badf96545a23cd59566c79f3f9ecc26'
[    0.626217] Loaded X.509 cert 'Canonical Ltd. Live Patch Signing: 14df34d1a87cf37625abec039ef2bf521249b969'
[    0.627690] Loaded X.509 cert 'Canonical Ltd. Kernel Module Signing: 88f752e560a1e0737e31163a466ad7b70a850c19'
[    0.628856] zswap: loaded using pool lzo/zbud
[    0.631470] Key type big_key registered
[    0.631942] Key type trusted registered
[    0.633448] Key type encrypted registered
[    0.633940] AppArmor: AppArmor sha1 policy hashing enabled
[    0.634572] ima: No TPM chip found, activating TPM-bypass! (rc=-19)
[    0.635289] ima: Allocated hash algorithm: sha1
[    0.635865] evm: HMAC attrs: 0x1
[    0.636470]   Magic number: 9:991:178
[    0.636948]  platform: hash matches
[    0.637425] rtc_cmos rtc_cmos: setting system clock to 2021-06-28 12:10:20 UTC (1624882220)
[    0.638530] BIOS EDD facility v0.16 2004-Jun-25, 0 devices found
[    0.639218] EDD information not available.
[    0.827781] Freeing unused kernel image memory: 2448K
[    1.353339] Write protecting the kernel read-only data: 20480k
[    1.354587] Freeing unused kernel image memory: 2008K
[    1.355372] Freeing unused kernel image memory: 1824K
[    1.361762] x86/mm: Checked W+X mappings: passed, no W+X pages found.
Loading, please wait...
starting version 237
[    1.397476] Fusion MPT base driver 3.04.20
[    1.398102] Copyright (c) 1999-2008 LSI Corporation
[    1.398836] e1000: Intel(R) PRO/1000 Network Driver - version 7.3.21-k8-NAPI
[    1.399706] e1000: Copyright (c) 1999-2006 Intel Corporation.
[    1.402617] Fusion MPT SPI Host driver 3.04.20
[    1.403867] mptbase: ioc0: Initiating bringup
[    1.409216] AVX2 version of gcm_enc/dec engaged.
[    1.409863] AES CTR mode by8 optimization enabled
[    1.585700] ioc0: LSI53C1030 A0: Capabilities={Initiator}
[    1.615325] input: ImExPS/2 Generic Explorer Mouse as /devices/platform/i8042/serio1/input/input4
[    4.134256] scsi host2: ioc0: LSI53C1030 A0, FwRev=00000000h, Ports=1, MaxQ=256, IRQ=20
[    6.218094] scsi 2:0:0:0: Direct-Access     VBOX     HARDDISK         1.0  PQ: 0 ANSI: 5
[    6.258786] scsi target2:0:0: Beginning Domain Validation
[    6.260312] scsi target2:0:0: Domain Validation skipping write tests
[    6.261076] scsi target2:0:0: Ending Domain Validation
[    6.261727] scsi target2:0:0: asynchronous
[    6.262404] scsi 2:0:1:0: Direct-Access     VBOX     HARDDISK         1.0  PQ: 0 ANSI: 5
[    6.556391] scsi target2:0:1: Beginning Domain Validation
[    6.557577] random: fast init done
[    6.558050] scsi target2:0:1: Domain Validation skipping write tests
[    6.559210] scsi target2:0:1: Ending Domain Validation
[    6.559925] scsi target2:0:1: asynchronous
[    6.563441] random: systemd-udevd: uninitialized urandom read (16 bytes read)
[    6.563514] sd 2:0:0:0: Attached scsi generic sg0 type 0
[    6.564286] random: systemd-udevd: uninitialized urandom read (16 bytes read)
[    6.565012] sd 2:0:0:0: [sda] 83886080 512-byte logical blocks: (42.9 GB/40.0 GiB)
[    6.565184] sd 2:0:1:0: [sdb] 20480 512-byte logical blocks: (10.5 MB/10.0 MiB)
[    6.565209] sd 2:0:1:0: [sdb] Write Protect is off
[    6.565254] sd 2:0:1:0: Attached scsi generic sg1 type 0
[    6.565274] sd 2:0:1:0: [sdb] Incomplete mode parameter data
[    6.565275] sd 2:0:1:0: [sdb] Assuming drive cache: write through
[    6.565754] random: systemd-udevd: uninitialized urandom read (16 bytes read)
[    6.566502] sd 2:0:1:0: [sdb] Attached SCSI disk
[    6.566723] sd 2:0:0:0: [sda] Write Protect is off
[    6.580116] sd 2:0:0:0: [sda] Incomplete mode parameter data
[    6.580800] sd 2:0:0:0: [sda] Assuming drive cache: write through
[    6.582137]  sda: sda1
[    6.582818] sd 2:0:0:0: [sda] Attached SCSI disk
[    6.594814] e1000 0000:00:03.0 eth0: (PCI:33MHz:32-bit) 02:98:b0:9b:6c:78
[    6.595611] e1000 0000:00:03.0 eth0: Intel(R) PRO/1000 Network Connection
[    6.597091] e1000 0000:00:03.0 enp0s3: renamed from eth0
Begin: Loading essential drivers ... [    7.940094] raid6: sse2x1   gen() 12312 MB/s
[    7.988074] raid6: sse2x1   xor()  8590 MB/s
[    8.036127] raid6: sse2x2   gen() 18132 MB/s
[    8.084130] raid6: sse2x2   xor() 11227 MB/s
[    8.132118] raid6: sse2x4   gen() 19057 MB/s
[    8.180104] raid6: sse2x4   xor() 10956 MB/s
[    8.228094] raid6: avx2x1   gen() 28318 MB/s
[    8.276120] raid6: avx2x1   xor() 17138 MB/s
[    8.324095] raid6: avx2x2   gen() 34269 MB/s
[    8.372096] raid6: avx2x2   xor() 21691 MB/s
[    8.420135] raid6: avx2x4   gen() 38155 MB/s
[    8.468446] raid6: avx2x4   xor() 21167 MB/s
[    8.469068] raid6: using algorithm avx2x4 gen() 38155 MB/s
[    8.469748] raid6: .... xor() 21167 MB/s, rmw enabled
[    8.470377] raid6: using avx2x2 recovery algorithm
[    8.471857] xor: automatically using best checksumming function   avx       
[    8.473246] async_tx: api initialized (async)
done.
Begin: Running /scripts/init-premount ... done.
Begin: Mounting root file system ... Begin: Running /scripts/local-top ... done.
Begin: Running /scripts/local-premount ... [    8.502532] Btrfs loaded, crc32c=crc32c-intel
Scanning for Btrfs filesystems
done.
Begin: Will now check root file system ... fsck from util-linux 2.31.1
[/sbin/fsck.ext4 (1) -- /dev/sda1] fsck.ext4 -a -C0 /dev/sda1 
cloudimg-rootfs: clean, 101555/5120000 files, 871893/10485499 blocks
done.
[    8.533607] EXT4-fs (sda1): mounted filesystem with ordered data mode. Opts: (null)
done.
Begin: Running /scripts/local-bottom ... done.
Begin: Running /scripts/init-bottom ... done.
[    8.665346] ip_tables: (C) 2000-2006 Netfilter Core Team
[    8.669791] systemd[1]: systemd 237 running in system mode. (+PAM +AUDIT +SELINUX +IMA +APPARMOR +SMACK +SYSVINIT +UTMP +LIBCRYPTSETUP +GCRYPT +GNUTLS +ACL +XZ +LZ4 +SECCOMP +BLKID +ELFUTILS +KMOD -IDN2 +IDN -PCRE2 default-hierarchy=hybrid)
[    8.672128] systemd[1]: Detected virtualization oracle.
[    8.672807] systemd[1]: Detected architecture x86-64.

Welcome to [1mUbuntu 18.04.5 LTS[0m!

[    8.677139] systemd[1]: Set hostname to <ubuntu-bionic>.
[    8.858796] systemd[1]: Created slice User and Session Slice.
[[0;32m  OK  [0m] Created slice User and Session Slice.
[    8.870893] systemd[1]: Reached target Swap.
[[0;32m  OK  [0m] Reached target Swap.
[    8.883597] systemd[1]: Set up automount Arbitrary Executable File Formats File System Automount Point.
[[0;32m  OK  [0m] Set up automount Arbitrary Executab…rmats File System Automount Point.
[    8.900184] systemd[1]: Started Forward Password Requests to Wall Directory Watch.
[[0;32m  OK  [0m] Started Forward Password Requests to Wall Directory Watch.
[    8.901787] systemd[1]: Created slice System Slice.
[[0;32m  OK  [0m] Created slice System Slice.
[    9.260439] systemd[1]: Listening on fsck to fsckd communication Socket.
[[0;32m  OK  [0m] Listening on fsck to fsckd communication Socket.
[[0;32m  OK  [0m] Listening on udev Control Socket.
[[0;32m  OK  [0m] Listening on Journal Socket (/dev/log).
[[0;32m  OK  [0m] Listening on udev Kernel Socket.
[[0;32m  OK  [0m] Listening on LVM2 metadata daemon socket.
[[0;32m  OK  [0m] Listening on Journal Socket.
         Starting udev Coldplug all Devices...
         Mounting RPC Pipe File System...
[[0;32m  OK  [0m] Listening on Journal Audit Socket.
[[0;32m  OK  [0m] Created slice system-serial\x2dgetty.slice.
[[0;32m  OK  [0m] Listening on RPCbind Server Activation Socket.
[[0;32m  OK  [0m] Listening on Syslog Socket.
         Starting Journal Service...
         Mounting Kernel Debug File System...
[[0;32m  OK  [0m] Listening on /dev/initctl Compatibility Named Pipe.
         Starting Uncomplicated firewall...
[[0;32m  OK  [0m] Reached target User and Group Name Lookups.
         Starting Load Kernel Modules...
         Mounting POSIX Message Queue File System...
         Starting Remount Root and Kernel File Systems...
         Starting Set the console keyboard layout...
[    9.642619] RPC: Registered named UNIX socket transport module.
[    9.643342] RPC: Registered udp transport module.
[    9.643342] RPC: Registered tcp transport module.
[    9.643343] RPC: Registered tcp NFSv4.1 backchannel transport module.
[[0;32m  OK  [0m] Listening on Network Service Netlink Socket.
[[0;32m  OK  [0m] Reached target System Time Synchronized.
         Starting Create list of required st…ce nodes for the current kernel...
         Mounting Huge Pages File System...
[[0;32m  OK  [0m] Reached target Slices.
[[0;32m  OK  [0m] Listening on Device-mapper event daemon FIFOs.
         Starting Monitoring of LVM2 mirrors…ng dmeventd or progress polling...
[[0;32m  OK  [0m] Listening on LVM2 poll daemon socket.
[[0;32m  OK  [0m] Mounted RPC Pipe File System.
[[0;32m  OK  [0m] Mounted Kernel Debug File System.
[[0;32m  OK  [0m] Started Uncomplicated firewall.
[[0;32m  OK  [0m] Mounted POSIX Message Queue File System.
[[0;32m  OK  [0m] Mounted Huge Pages File System.
[[0;32m  OK  [0m] Started Journal Service.
[    9.665228] Loading iSCSI transport class v2.0-870.
[    9.669948] iscsi: registered transport (tcp)
[[0;32m  OK  [0m] Started udev Coldplug all Devices.
[    9.680578] iscsi: registered transport (iser)
[[0;32m  OK  [0m] Started Load Kernel Modules.
         Mounting FUSE Control File System...
         Mounting Kernel Configuration File System...
         Starting Apply Kernel Variables...
[[0;32m  OK  [0m] Mounted FUSE Control File System.
[[0;32m  OK  [0m] Mounted Kernel Configuration File System.
[[0;32m  OK  [0m] Started Create list of required sta…vice nodes for the current kernel.
         Starting Create Static Device Nodes in /dev...
[[0;32m  OK  [0m] Started LVM2 metadata daemon.
[[0;32m  OK  [0m] Started Remount Root and Kernel File Systems.
         Starting Load/Save Random Seed...
         Starting Flush Journal to Persistent Storage...
[[0;32m  OK  [0m] Started Apply Kernel Variables.
[[0;32m  OK  [0m] Started Monitoring of LVM2 mirrors,…sing dmeventd or progress polling.
[[0;32m  OK  [0m] Started Create Static Device Nodes in /dev.
[[0;32m  OK  [0m] Started Load/Save Random Seed.
         Starting udev Kernel Device Manager...
[[0;32m  OK  [0m] Started udev Kernel Device Manager.
[[0;32m  OK  [0m] Started Set the console keyboard layout.
[[0;32m  OK  [0m] Started Dispatch Password Requests to Console Directory Watch.
[[0;32m  OK  [0m] Reached target Local Encrypted Volumes.
[[0;32m  OK  [0m] Reached target Local File Systems (Pre).
[[0;32m  OK  [0m] Reached target Local File Systems.
         Starting AppArmor initialization...
         Starting ebtables ruleset management...
         Starting Set console font and keymap...
         Starting Tell Plymouth To Write Out Runtime Data...
         Starting Preprocess NFS configuration...
[[0;32m  OK  [0m] Started Flush Journal to Persistent Storage.
[[0;32m  OK  [0m] Started Set console font and keymap.
         Starting Create Volatile Files and Directories...
[[0;32m  OK  [0m] Started Preprocess NFS configuration.
[[0;32m  OK  [0m] Started Tell Plymouth To Write Out Runtime Data.
[[0;32m  OK  [0m] Reached target NFS client services.
[[0;32m  OK  [0m] Found device /dev/ttyS0.
[[0;32m  OK  [0m] Listening on Load/Save RF Kill Switch Status /dev/rfkill Watch.
[[0;32m  OK  [0m] Started Create Volatile Files and Directories.
         Starting RPC bind portmap service...
         Starting Update UTMP about System Boot/Shutdown...
[[0;32m  OK  [0m] Started RPC bind portmap service.
[[0;32m  OK  [0m] Reached target RPC Port Mapper.
[[0;32m  OK  [0m] Started Update UTMP about System Boot/Shutdown.
[[0;32m  OK  [0m] Started ebtables ruleset management.
[[0;32m  OK  [0m] Started AppArmor initialization.
         Starting Initial cloud-init job (pre-networking)...
         Starting Load AppArmor profiles managed internally by snapd...
[[0;32m  OK  [0m] Started Load AppArmor profiles managed internally by snapd.
[   10.784262] cloud-init[614]: Cloud-init v. 21.1-19-gbad84ad4-0ubuntu1~18.04.2 running 'init-local' at Mon, 28 Jun 2021 12:10:30 +0000. Up 10.65 seconds.
[[0;32m  OK  [0m] Started Initial cloud-init job (pre-networking).
[[0;32m  OK  [0m] Reached target Network (Pre).
         Starting Network Service...
[[0;32m  OK  [0m] Started Network Service.
         Starting Network Name Resolution...
         Starting Wait for Network to be Configured...
[[0;32m  OK  [0m] Started Network Name Resolution.
[[0;32m  OK  [0m] Reached target Host and Network Name Lookups.
[[0;32m  OK  [0m] Reached target Network.
[[0;32m  OK  [0m] Started Wait for Network to be Configured.
         Starting Initial cloud-init job (metadata service crawler)...
[   12.317710] cloud-init[724]: Cloud-init v. 21.1-19-gbad84ad4-0ubuntu1~18.04.2 running 'init' at Mon, 28 Jun 2021 12:10:32 +0000. Up 12.21 seconds.
[   12.318704] cloud-init[724]: ci-info: ++++++++++++++++++++++++++++++++++++++Net device info++++++++++++++++++++++++++++++++++++++
[   12.319533] cloud-init[724]: ci-info: +--------+------+----------------------------+---------------+--------+-------------------+
[   12.320356] cloud-init[724]: ci-info: | Device |  Up  |          Address           |      Mask     | Scope  |     Hw-Address    |
[   12.321290] cloud-init[724]: ci-info: +--------+------+----------------------------+---------------+--------+-------------------+
[   12.322184] cloud-init[724]: ci-info: | enp0s3 | True |         10.0.2.15          | 255.255.255.0 | global | 02:98:b0:9b:6c:78 |
[   12.323105] cloud-init[724]: ci-info: | enp0s3 | True | fe80::98:b0ff:fe9b:6c78/64 |       .       |  link  | 02:98:b0:9b:6c:78 |
[   12.323943] cloud-init[724]: ci-info: |   lo   | True |         127.0.0.1          |   255.0.0.0   |  host  |         .         |
[   12.325431] cloud-init[724]: ci-info: |   lo   | True |          ::1/128           |       .       |  host  |         .         |
[   12.326201] cloud-init[724]: ci-info: +--------+------+----------------------------+---------------+--------+-------------------+
[   12.326988] cloud-init[724]: ci-info: ++++++++++++++++++++++++++++Route IPv4 info+++++++++++++++++++++++++++++
[   12.336188] cloud-init[724]: ci-info: +-------+-------------+----------+-----------------+-----------+-------+
[   12.348185] cloud-init[724]: ci-info: | Route | Destination | Gateway  |     Genmask     | Interface | Flags |
[   12.361690] cloud-init[724]: ci-info: +-------+-------------+----------+-----------------+-----------+-------+
[   12.372217] cloud-init[724]: ci-info: |   0   |   0.0.0.0   | 10.0.2.2 |     0.0.0.0     |   enp0s3  |   UG  |
[   12.388155] cloud-init[724]: ci-info: |   1   |   10.0.2.0  | 0.0.0.0  |  255.255.255.0  |   enp0s3  |   U   |
[   12.388840] cloud-init[724]: ci-info: |   2   |   10.0.2.2  | 0.0.0.0  | 255.255.255.255 |   enp0s3  |   UH  |
[   12.400223] cloud-init[724]: ci-info: +-------+-------------+----------+-----------------+-----------+-------+
[   12.412271] cloud-init[724]: ci-info: +++++++++++++++++++Route IPv6 info+++++++++++++++++++
[   12.412858] cloud-init[724]: ci-info: +-------+-------------+---------+-----------+-------+
[[0;32m  OK  [0m] Started Initial cloud-init job (metadata service crawler).
[   12.432997] cloud-init[724]: ci-info: | Route | Destination | Gateway | Interface | Flags |
[[0;32m  OK  [0m] Reached target System Initialization.
[   12.434403] cloud-init[724]: ci-info: +-------+-------------+---------+-----------+-------+
[[0;32m  OK  [0m] Started Message of the Day.
[   12.435560] cloud-init[724]: ci-info: |   1   |  fe80::/64  |    ::   |   enp0s3  |   U   |
[[0;32m  OK  [0m] Started Daily Cleanup of Temporary Directories.
[   12.488552] cloud-init[724]: ci-info: |   3   |    local    |    ::   |   enp0s3  |   U   |
[[0;32m  OK  [0m] Started Discard unused blocks once a week.
[   12.502138] cloud-init[724]: ci-info: |   4   |   ff00::/8  |    ::   |   enp0s3  |   U   |
[[0;32m  OK  [0m] Listening on UUID daemon activation socket.
[   12.512857] cloud-init[724]: ci-info: +-------+-------------+---------+-----------+-------+
         Starting LXD - unix socket.
[[0;32m  OK  [0m] Listening on Open-iSCSI iscsid Socket.
         Starting Docker Socket for the API.
[[0;32m  OK  [0m] Listening on D-Bus System Message Bus Socket.
[[0;32m  OK  [0m] Started Daily apt download activities.
[[0;32m  OK  [0m] Started Daily apt upgrade and clean activities.
         Starting Socket activation for snappy daemon.
[[0;32m  OK  [0m] Listening on ACPID Listen Socket.
[[0;32m  OK  [0m] Started Ubuntu Advantage update messaging.
[[0;32m  OK  [0m] Reached target Timers.
[[0;32m  OK  [0m] Started ACPI Events Check.
[[0;32m  OK  [0m] Reached target Paths.
[[0;32m  OK  [0m] Reached target Cloud-config availability.
[[0;32m  OK  [0m] Reached target Network is Online.
         Starting Availability of block devices...
[[0;32m  OK  [0m] Reached target Remote File Systems (Pre).
         Mounting /vagrant...
         Mounting /home/qtumai/jason/nas...
[[0;32m  OK  [0m] Listening on LXD - unix socket.
[[0;32m  OK  [0m] Listening on Docker Socket for the API.
[[0;32m  OK  [0m] Listening on Socket activation for snappy daemon.
[[0;32m  OK  [0m] Started Availability of block devices.
[[0;32m  OK  [0m] Mounted /vagrant.
[[0;32m  OK  [0m] Reached target Sockets.
[[0;32m  OK  [0m] Reached target Basic System.
[[0;32m  OK  [0m] Started Deferred execution scheduler.
         Starting Dispatcher daemon for systemd-networkd...
         Starting LSB: Record successful boot for GRUB...
         Starting Login Service...
         Starting System Logging Service...
         Starting Snap Daemon...
[[0;32m  OK  [0m] Started D-Bus System Message Bus.
[[0;32m  OK  [0m] Started Regular background program processing daemon.
[[0;32m  OK  [0m] Started FUSE filesystem for LXC.
         Starting containerd container runtime...
         Starting Virtualbox guest utils...
[[0;32m  OK  [0m] Started irqbalance daemon.
         Starting OpenBSD Secure Shell server...
         Starting LXD - container startup/shutdown...
         Starting Accounts Service...
[[0;32m  OK  [0m] Started System Logging Service.
[[0;32m  OK  [0m] Started OpenBSD Secure Shell server.
[[0;32m  OK  [0m] Started Login Service.
[[0;32m  OK  [0m] Started Unattended Upgrades Shutdown.
[[0;32m  OK  [0m] Mounted /home/qtumai/jason/nas.
[[0;32m  OK  [0m] Reached target Remote File Systems.
         Starting Permit User Sessions...
         Starting LSB: automatic crash report generation...
[[0;32m  OK  [0m] Started Permit User Sessions.
         Starting Hold until boot process finishes up...
         Starting Terminate Plymouth Boot Screen...
         Starting Authorization Manager...
[[0;32m  OK  [0m] Started Dispatcher daemon for systemd-networkd.
[[0;32m  OK  [0m] Started Virtualbox guest utils.
[[0;32m  OK  [0m] Started Hold until boot process finishes up.
[[0;32m  OK  [0m] Started Terminate Plymouth Boot Screen.
[[0;32m  OK  [0m] Started LSB: Record successful boot for GRUB.
[[0;32m  OK  [0m] Started Serial Getty on ttyS0.
         Starting Set console scheme...
[[0;32m  OK  [0m] Started Authorization Manager.
[[0;32m  OK  [0m] Started Accounts Service.
[[0;32m  OK  [0m] Created slice User Slice of vagrant.
[[0;32m  OK  [0m] Started LSB: automatic crash report generation.
[[0;32m  OK  [0m] Started Set console scheme.
[[0;32m  OK  [0m] Started Session 1 of user vagrant.
[[0;32m  OK  [0m] Created slice system-getty.slice.
[[0;32m  OK  [0m] Started Getty on tty1.
[[0;32m  OK  [0m] Reached target Login Prompts.
         Starting User Manager for UID 1000...
[[0;32m  OK  [0m] Started Snap Daemon.
[[0;32m  OK  [0m] Started LXD - container startup/shutdown.
         Starting Wait until snapd is fully seeded...
[[0;32m  OK  [0m] Started Wait until snapd is fully seeded.
         Starting Apply the settings specified in cloud-config...
[[0;32m  OK  [0m] Started User Manager for UID 1000.
[[0;32m  OK  [0m] Started containerd container runtime.
         Starting Docker Application Container Engine...
[   14.064811] cloud-init[1340]: Cloud-init v. 21.1-19-gbad84ad4-0ubuntu1~18.04.2 running 'modules:config' at Mon, 28 Jun 2021 12:10:33 +0000. Up 13.95 seconds.
[[0;32m  OK  [0m] Started Apply the settings specified in cloud-config.
[[0;32m  OK  [0m] Started Docker Application Container Engine.
[[0;32m  OK  [0m] Reached target Multi-User System.
         Starting Execute cloud user/final scripts...
[[0;32m  OK  [0m] Reached target Graphical Interface.
         Starting Update UTMP about System Runlevel Changes...
[[0;32m  OK  [0m] Started Update UTMP about System Runlevel Changes.
[   16.197582] cloud-init[1704]: Cloud-init v. 21.1-19-gbad84ad4-0ubuntu1~18.04.2 running 'modules:final' at Mon, 28 Jun 2021 12:10:35 +0000. Up 16.12 seconds.
[   16.198583] cloud-init[1704]: Cloud-init v. 21.1-19-gbad84ad4-0ubuntu1~18.04.2 finished at Mon, 28 Jun 2021 12:10:36 +0000. Datasource DataSourceNoCloud [seed=/dev/sdb][dsmode=net].  Up 16.19 seconds
[[0;32m  OK  [0m] Started Execute cloud user/final scripts.
[[0;32m  OK  [0m] Reached target Cloud-init target.

Ubuntu 18.04.5 LTS ubuntu-bionic ttyS0

ubuntu-bionic login: [ 2855.413391] CIFS VFS: Free previous auth_key.response = 000000006c9626b1
